2021-12-09 21:47:38 - INFO - "GET / HTTP/1.1" 200 1219
2021-12-09 21:47:38 - INFO - "GET /static/style.css HTTP/1.1" 200 648
2021-12-10 16:29:12 - INFO - "GET / HTTP/1.1" 200 1219
2021-12-10 16:29:12 - INFO - "GET /static/style.css HTTP/1.1" 304 0
2021-12-10 16:29:12 - INFO - "GET /blogs HTTP/1.1" 200 1155
2021-12-10 16:29:12 - INFO - "GET /blogs/1 HTTP/1.1" 200 359
2021-12-10 16:29:12 - INFO - "GET /blogs/2 HTTP/1.1" 200 390
2021-12-10 16:29:12 - INFO - "GET /blogs/3 HTTP/1.1" 200 406
2021-12-10 16:29:12 - INFO - "GET /blogs/ HTTP/1.1" 200 1155
2021-12-10 16:34:12 - INFO - "POST /blogs/ HTTP/1.1" 200 222
2021-12-10 16:34:12 - INFO - "GET /blogs/ HTTP/1.1" 200 1379
2021-12-10 16:34:12 - INFO - "GET /favicon.ico HTTP/1.1" 200 1739
2021-12-10 16:46:25 - INFO - "GET /blogs/ HTTP/1.1" 200 1379
2021-12-10 16:46:25 - INFO - "GET /favicon.ico HTTP/1.1" 200 1739
2021-12-10 16:46:25 - INFO - "PUT /blogs/4 HTTP/1.1" 200 228
2021-12-10 16:46:25 - INFO - "GET /blogs/ HTTP/1.1" 200 1383
2021-12-10 16:46:25 - INFO - "GET /favicon.ico HTTP/1.1" 200 1739
2021-12-10 16:47:55 - INFO - "DELETE /blogs/4 HTTP/1.1" 200 228
2021-12-10 16:47:55 - INFO - "GET /blogs/ HTTP/1.1" 200 1155
2021-12-10 16:47:55 - INFO - "GET /favicon.ico HTTP/1.1" 200 1739
